1: P: started
2: N 1: started
3: N 2: started
4: O 2: started
5: O 1: started
6: P: arrived to 0
7: P: leaving 0
8: N 2: arrived to 0
9: O 2: arrived to 1
10: O 1: arrived to 0
11: N 1: arrived to 1
12: P: arrived to 1
13: O 2: boarding
14: P: leaving 1
15: P: arrived to 0
16: O 2: leaving in 0
17: N 2: boarding
18: P: leaving 0
19: P: arrived to 1
20: N 2: leaving in 1
21: N 1: boarding
22: P: leaving 1
23: P: arrived to 0
24: N 1: leaving in 0
25: O 1: boarding
26: P: leaving 0
27: P: arrived to 1
28: O 1: leaving in 1
29: P: leaving 1
30: P: finish
